
==================================================
Model: knn
==================================================
Device: cpu (small models — no GPU needed)
Loaded 5859 samples, 293 questions, FLIP=43.3%

Pre-computing spaCy + sentence-transformer embeddings (once)...
Extracting features...
  Feature count (full): 60

Nested 5-fold outer × 3-fold inner CV, 30 Optuna trials per fold

── Outer fold 1/5 (train=4693, test=1166) ──
  best inner F1: 0.4923  params: {'metric': 'cosine', 'n_neighbors': 31, 'weights': 'uniform'}
  fold 1  F1=0.6092 (vs 0.5011 @0.5, t=0.26)  P=0.451  R=0.940  AUC=0.615
  computing SHAP (knn)...

── Outer fold 2/5 (train=4686, test=1173) ──
  best inner F1: 0.4948  params: {'metric': 'cosine', 'n_neighbors': 13, 'weights': 'uniform'}
  fold 2  F1=0.6019 (vs 0.4985 @0.5, t=0.16)  P=0.443  R=0.937  AUC=0.602
  computing SHAP (knn)...

── Outer fold 3/5 (train=4686, test=1173) ──
  best inner F1: 0.4886  params: {'metric': 'manhattan', 'n_neighbors': 7, 'weights': 'uniform'}
  fold 3  F1=0.6103 (vs 0.4938 @0.5, t=0.05)  P=0.445  R=0.973  AUC=0.588
  computing SHAP (knn)...

── Outer fold 4/5 (train=4684, test=1175) ──
  best inner F1: 0.5089  params: {'metric': 'manhattan', 'n_neighbors': 21, 'weights': 'uniform'}
  fold 4  F1=0.6028 (vs 0.4798 @0.5, t=0.29)  P=0.458  R=0.882  AUC=0.603
  computing SHAP (knn)...

── Outer fold 5/5 (train=4687, test=1172) ──
  best inner F1: 0.4911  params: {'metric': 'manhattan', 'n_neighbors': 17, 'weights': 'uniform'}
  fold 5  F1=0.6117 (vs 0.4784 @0.5, t=0.18)  P=0.448  R=0.965  AUC=0.578
  computing SHAP (knn)...

============================================================
Nested-CV summary — knn
============================================================
              f1: 0.6072 ± 0.0045
       precision: 0.4489 ± 0.0058
          recall: 0.9392 ± 0.0357
        accuracy: 0.4735 ± 0.0170
         roc_auc: 0.5973 ± 0.0143
             fpr: 0.8830 ± 0.0589
   best_inner_f1: 0.4952 ± 0.0080
     oof_roc_auc: 0.5966

Top 20 features by mean |SHAP|:
   1. starts_lower                        mean|SHAP|=0.0112  (±0.0024)
   2. n_question_marks                    mean|SHAP|=0.0082  (±0.0012)
   3. n_named_entities                    mean|SHAP|=0.0065  (±0.0020)
   4. n_conjunctions                      mean|SHAP|=0.0051  (±0.0017)
   5. flesch_reading_ease                 mean|SHAP|=0.0050  (±0.0006)
   6. avg_word_len                        mean|SHAP|=0.0049  (±0.0024)
   7. n_nominalisations                   mean|SHAP|=0.0048  (±0.0019)
   8. vader_pos                           mean|SHAP|=0.0046  (±0.0015)
   9. has_digit                           mean|SHAP|=0.0045  (±0.0012)
  10. n_asterisk_emphasis                 mean|SHAP|=0.0043  (±0.0011)
  11. n_subord_clauses                    mean|SHAP|=0.0043  (±0.0012)
  12. n_commas                            mean|SHAP|=0.0042  (±0.0005)
  13. clauses_per_sentence                mean|SHAP|=0.0041  (±0.0017)
  14. has_initial_reframe                 mean|SHAP|=0.0041  (±0.0022)
  15. n_ellipsis                          mean|SHAP|=0.0041  (±0.0004)
  16. n_authority                         mean|SHAP|=0.0039  (±0.0028)
  17. n_negations                         mean|SHAP|=0.0038  (±0.0017)
  18. n_repeated_punctuation              mean|SHAP|=0.0038  (±0.0014)
  19. modal_uncertainty_ratio             mean|SHAP|=0.0038  (±0.0020)
  20. is_question_only                    mean|SHAP|=0.0038  (±0.0035)

✓ ROC curve saved to results/knn/roc_curve.png
✓ results.json saved to results/knn/results.json
✓ shap_values.json saved to results/knn/shap_values.json
✓ predictions.csv (out-of-fold) saved to results/knn/predictions.csv

==================================================
DONE — knn
  CV F1:  0.6072 ± 0.0045
  CV AUC: 0.5973 ± 0.0143
==================================================
